# JRE version: Java(TM) SE Runtime Environment (21.0.8+12) (build 21.0.8+12-LTS-250)
# Java VM: Java HotSpot(TM) 64-Bit Server VM (21.0.8+12-LTS-250, mixed mode, sharing, tiered, compressed oops, compressed class ptrs, g1 gc, windows-amd64)
GC Precious Log:
 CardTable entry size: 512
 Card Set container configuration: InlinePtr #cards 4 size 8 Array Of Cards #cards 16 size 48 Howl #buckets 8 coarsen threshold 3686 Howl Bitmap #cards 512 size 80 coarsen threshold 460 Card regions per heap region 1 cards per card region 4096
 CPUs: 8 total, 8 available
 Memory: 16198M
 Large Page Support: Disabled
 NUMA Support: Disabled
 Compressed Oops: Enabled (Zero based)
 Heap Region Size: 2M
 Heap Min Capacity: 8M
 Heap Initial Capacity: 254M
 Heap Max Capacity: 4050M
 Pre-touch: Disabled
 Parallel Workers: 8
 Concurrent Workers: 2
 Concurrent Refinement Workers: 8
 Periodic GC: Disabled
Heap:
 garbage-first heap   total 73728K, used 48979K [0x0000000702e00000, 0x0000000800000000)
  region size 2048K, 13 young (26624K), 3 survivors (6144K)
 Metaspace       used 81865K, committed 82624K, reserved 1179648K
  class space    used 11125K, committed 11456K, reserved 1048576K
GC Heap History (20 events):
Event: 4.603 GC heap before
{Heap before GC invocations=2 (full 0):
 garbage-first heap   total 260096K, used 51373K [0x0000000702e00000, 0x0000000800000000)
  region size 2048K, 23 young (47104K), 2 survivors (4096K)
 Metaspace       used 21086K, committed 21504K, reserved 1114112K
  class space    used 2560K, committed 2752K, reserved 1048576K
}
Event: 4.614 GC heap after
{Heap after GC invocations=3 (full 0):
 garbage-first heap   total 260096K, used 14021K [0x0000000702e00000, 0x0000000800000000)
  region size 2048K, 4 young (8192K), 4 survivors (8192K)
 Metaspace       used 21086K, committed 21504K, reserved 1114112K
  class space    used 2560K, committed 2752K, reserved 1048576K
}
Event: 7.274 GC heap before
{Heap before GC invocations=4 (full 0):
 garbage-first heap   total 61440K, used 59077K [0x0000000702e00000, 0x0000000800000000)
  region size 2048K, 26 young (53248K), 4 survivors (8192K)
 Metaspace       used 29322K, committed 29824K, reserved 1114112K
  class space    used 3680K, committed 3904K, reserved 1048576K
}
Event: 7.286 GC heap after
{Heap after GC invocations=5 (full 0):
 garbage-first heap   total 73728K, used 18782K [0x0000000702e00000, 0x0000000800000000)
  region size 2048K, 6 young (12288K), 6 survivors (12288K)
 Metaspace       used 29322K, committed 29824K, reserved 1114112K
  class space    used 3680K, committed 3904K, reserved 1048576K
}
Event: 8.576 GC heap before
{Heap before GC invocations=5 (full 0):
 garbage-first heap   total 73728K, used 43358K [0x0000000702e00000, 0x0000000800000000)
  region size 2048K, 19 young (38912K), 6 survivors (12288K)
 Metaspace       used 35566K, committed 36096K, reserved 1114112K
  class space    used 4674K, committed 4928K, reserved 1048576K
}
Event: 8.591 GC heap after
{Heap after GC invocations=6 (full 0):
 garbage-first heap   total 73728K, used 20583K [0x0000000702e00000, 0x0000000800000000)
  region size 2048K, 2 young (4096K), 2 survivors (4096K)
 Metaspace       used 35566K, committed 36096K, reserved 1114112K
  class space    used 4674K, committed 4928K, reserved 1048576K
}
Event: 8.712 GC heap before
{Heap before GC invocations=6 (full 0):
 garbage-first heap   total 73728K, used 22631K [0x0000000702e00000, 0x0000000800000000)
  region size 2048K, 4 young (8192K), 2 survivors (4096K)
 Metaspace       used 35913K, committed 36416K, reserved 1114112K
  class space    used 4755K, committed 4992K, reserved 1048576K
}
Event: 8.715 GC heap after
{Heap after GC invocations=7 (full 0):
 garbage-first heap   total 73728K, used 20365K [0x0000000702e00000, 0x0000000800000000)
  region size 2048K, 2 young (4096K), 2 survivors (4096K)
 Metaspace       used 35913K, committed 36416K, reserved 1114112K
  class space    used 4755K, committed 4992K, reserved 1048576K
}
Event: 11.352 GC heap before
{Heap before GC invocations=8 (full 0):
 garbage-first heap   total 73728K, used 57229K [0x0000000702e00000, 0x0000000800000000)
  region size 2048K, 20 young (40960K), 2 survivors (4096K)
 Metaspace       used 49403K, committed 50048K, reserved 1114112K
  class space    used 6492K, committed 6784K, reserved 1048576K
}
Event: 11.359 GC heap after
{Heap after GC invocations=9 (full 0):
 garbage-first heap   total 73728K, used 23773K [0x0000000702e00000, 0x0000000800000000)
  region size 2048K, 3 young (6144K), 3 survivors (6144K)
 Metaspace       used 49403K, committed 50048K, reserved 1114112K
  class space    used 6492K, committed 6784K, reserved 1048576K
}
Event: 13.087 GC heap before
{Heap before GC invocations=9 (full 0):
 garbage-first heap   total 73728K, used 56541K [0x0000000702e00000, 0x0000000800000000)
  region size 2048K, 20 young (40960K), 3 survivors (6144K)
 Metaspace       used 59543K, committed 60160K, reserved 1114112K
  class space    used 7935K, committed 8192K, reserved 1048576K
}
Event: 13.102 GC heap after
{Heap after GC invocations=10 (full 0):
 garbage-first heap   total 73728K, used 25360K [0x0000000702e00000, 0x0000000800000000)
  region size 2048K, 1 young (2048K), 1 survivors (2048K)
 Metaspace       used 59543K, committed 60160K, reserved 1114112K
  class space    used 7935K, committed 8192K, reserved 1048576K
}
Event: 13.264 GC heap before
{Heap before GC invocations=10 (full 0):
 garbage-first heap   total 73728K, used 29456K [0x0000000702e00000, 0x0000000800000000)
  region size 2048K, 4 young (8192K), 1 survivors (2048K)
 Metaspace       used 60336K, committed 60928K, reserved 1114112K
  class space    used 8026K, committed 8320K, reserved 1048576K
}
Event: 13.267 GC heap after
{Heap after GC invocations=11 (full 0):
 garbage-first heap   total 73728K, used 25088K [0x0000000702e00000, 0x0000000800000000)
  region size 2048K, 1 young (2048K), 1 survivors (2048K)
 Metaspace       used 60336K, committed 60928K, reserved 1114112K
  class space    used 8026K, committed 8320K, reserved 1048576K
}
Event: 15.340 GC heap before
{Heap before GC invocations=12 (full 0):
 garbage-first heap   total 73728K, used 61952K [0x0000000702e00000, 0x0000000800000000)
  region size 2048K, 19 young (38912K), 1 survivors (2048K)
 Metaspace       used 67632K, committed 68288K, reserved 1114112K
  class space    used 9071K, committed 9344K, reserved 1048576K
}
Event: 15.349 GC heap after
{Heap after GC invocations=13 (full 0):
 garbage-first heap   total 73728K, used 28437K [0x0000000702e00000, 0x0000000800000000)
  region size 2048K, 3 young (6144K), 3 survivors (6144K)
 Metaspace       used 67632K, committed 68288K, reserved 1114112K
  class space    used 9071K, committed 9344K, reserved 1048576K
}
Event: 44.812 GC heap before
{Heap before GC invocations=13 (full 0):
 garbage-first heap   total 73728K, used 59157K [0x0000000702e00000, 0x0000000800000000)
  region size 2048K, 18 young (36864K), 3 survivors (6144K)
 Metaspace       used 74195K, committed 74944K, reserved 1114112K
  class space    used 9970K, committed 10304K, reserved 1048576K
}
Event: 44.831 GC heap after
{Heap after GC invocations=14 (full 0):
 garbage-first heap   total 73728K, used 30520K [0x0000000702e00000, 0x0000000800000000)
  region size 2048K, 2 young (4096K), 2 survivors (4096K)
 Metaspace       used 74195K, committed 74944K, reserved 1114112K
  class space    used 9970K, committed 10304K, reserved 1048576K
}
Event: 21331.080 GC heap before
{Heap before GC invocations=14 (full 0):
 garbage-first heap   total 73728K, used 61240K [0x0000000702e00000, 0x0000000800000000)
  region size 2048K, 17 young (34816K), 2 survivors (4096K)
 Metaspace       used 81096K, committed 81920K, reserved 1179648K
  class space    used 11076K, committed 11456K, reserved 1048576K
}
Event: 21331.085 GC heap after
{Heap after GC invocations=15 (full 0):
 garbage-first heap   total 73728K, used 32595K [0x0000000702e00000, 0x0000000800000000)
  region size 2048K, 3 young (6144K), 3 survivors (6144K)
 Metaspace       used 81096K, committed 81920K, reserved 1179648K
  class space    used 11076K, committed 11456K, reserved 1048576K
}

